Connecting to database specified by database.yml
Compiled jquery.js  (2ms)  (pid 7316)
Compiled jquery_ujs.js  (0ms)  (pid 7316)
Compiled jquery-ui.js  (8ms)  (pid 7316)
Compiled active_admin/lib/namespace.js  (913ms)  (pid 7316)
Compiled active_admin/components/jquery.aa.checkbox-toggler.js  (264ms)  (pid 7316)
Compiled active_admin/components/jquery.aa.dropdown-menu.js  (251ms)  (pid 7316)
Compiled active_admin/components/jquery.aa.popover.js  (296ms)  (pid 7316)
Compiled active_admin/components/jquery.aa.table-checkbox-toggler.js  (219ms)  (pid 7316)
Compiled active_admin/pages/application.js  (214ms)  (pid 7316)
Compiled active_admin/pages/batch_actions.js  (219ms)  (pid 7316)
Compiled active_admin/application.js  (2431ms)  (pid 7316)
Compiled active_admin/base.js  (2503ms)  (pid 7316)
Compiled active_admin.js  (2558ms)  (pid 7316)
Compiled users.js  (0ms)  (pid 7316)
Compiled application.js  (2638ms)  (pid 7316)
Compiled active_admin.css  (2840ms)  (pid 7316)
Compiled bootstrap.css  (0ms)  (pid 7316)
Compiled reset.css  (0ms)  (pid 7316)
Compiled core.css  (5ms)  (pid 7316)
Compiled users.css  (1ms)  (pid 7316)
Compiled application.css  (2879ms)  (pid 7316)
Compiled jquery.js  (2ms)  (pid 7316)
Compiled jquery_ujs.js  (0ms)  (pid 7316)
Compiled jquery-ui.js  (9ms)  (pid 7316)
Compiled active_admin/lib/namespace.js  (238ms)  (pid 7316)
Compiled active_admin/components/jquery.aa.checkbox-toggler.js  (428ms)  (pid 7316)
Compiled active_admin/components/jquery.aa.dropdown-menu.js  (353ms)  (pid 7316)
Compiled active_admin/components/jquery.aa.popover.js  (403ms)  (pid 7316)
Compiled active_admin/components/jquery.aa.table-checkbox-toggler.js  (385ms)  (pid 7316)
Compiled active_admin/pages/application.js  (351ms)  (pid 7316)
Compiled active_admin/pages/batch_actions.js  (372ms)  (pid 7316)
Compiled active_admin/application.js  (2795ms)  (pid 7316)
Compiled active_admin/base.js  (2842ms)  (pid 7316)
Compiled active_admin.js  (2898ms)  (pid 7316)
Compiled users.js  (0ms)  (pid 7316)
Compiled application.js  (2947ms)  (pid 7316)
Compiled active_admin.css  (3077ms)  (pid 7316)
Compiled bootstrap.css  (0ms)  (pid 7316)
Compiled reset.css  (0ms)  (pid 7316)
Compiled core.css  (10ms)  (pid 7316)
Compiled users.css  (2ms)  (pid 7316)
Compiled application.css  (3157ms)  (pid 7316)
Connecting to database specified by database.yml
Migrating to CreateUsers (20130126215239)
Migrating to DeviseCreateAdminUsers (20130127063936)
Migrating to CreateAdminNotes (20130127063939)
Migrating to MoveAdminNotesToComments (20130127063940)
Migrating to CreateDelayedJobs (20130227185712)
Migrating to CreateIpAddresses (20130312045541)
Compiled jquery.js  (145ms)  (pid 15787)
Compiled jquery_ujs.js  (0ms)  (pid 15787)
Compiled jquery-ui.js  (45ms)  (pid 15787)
Compiled active_admin/lib/namespace.js  (5066ms)  (pid 15787)
Compiled active_admin/components/jquery.aa.checkbox-toggler.js  (1554ms)  (pid 15787)
Compiled active_admin/components/jquery.aa.dropdown-menu.js  (537ms)  (pid 15787)
Compiled active_admin/components/jquery.aa.popover.js  (410ms)  (pid 15787)
Compiled active_admin/components/jquery.aa.table-checkbox-toggler.js  (352ms)  (pid 15787)
Compiled active_admin/pages/application.js  (313ms)  (pid 15787)
Compiled active_admin/pages/batch_actions.js  (292ms)  (pid 15787)
Compiled active_admin/application.js  (8821ms)  (pid 15787)
Compiled active_admin/base.js  (9331ms)  (pid 15787)
Compiled active_admin.js  (9473ms)  (pid 15787)
Compiled users.js  (0ms)  (pid 15787)
Compiled application.js  (10332ms)  (pid 15787)
Compiled active_admin.css  (4136ms)  (pid 15787)
Compiled bootstrap.css  (1ms)  (pid 15787)
Compiled reset.css  (0ms)  (pid 15787)
Compiled core.css  (14ms)  (pid 15787)
Compiled users.css  (2ms)  (pid 15787)
Compiled application.css  (4278ms)  (pid 15787)
Compiled jquery.js  (3ms)  (pid 15787)
Compiled jquery_ujs.js  (0ms)  (pid 15787)
Compiled jquery-ui.js  (64ms)  (pid 15787)
Compiled active_admin/lib/namespace.js  (269ms)  (pid 15787)
Compiled active_admin/components/jquery.aa.checkbox-toggler.js  (346ms)  (pid 15787)
Compiled active_admin/components/jquery.aa.dropdown-menu.js  (337ms)  (pid 15787)
Compiled active_admin/components/jquery.aa.popover.js  (365ms)  (pid 15787)
Compiled active_admin/components/jquery.aa.table-checkbox-toggler.js  (313ms)  (pid 15787)
Compiled active_admin/pages/application.js  (282ms)  (pid 15787)
Compiled active_admin/pages/batch_actions.js  (299ms)  (pid 15787)
Compiled active_admin/application.js  (2557ms)  (pid 15787)
Compiled active_admin/base.js  (2654ms)  (pid 15787)
Compiled active_admin.js  (2665ms)  (pid 15787)
Compiled users.js  (0ms)  (pid 15787)
Compiled application.js  (2758ms)  (pid 15787)
Compiled active_admin.css  (5139ms)  (pid 15787)
Compiled bootstrap.css  (1ms)  (pid 15787)
Compiled reset.css  (0ms)  (pid 15787)
Compiled core.css  (14ms)  (pid 15787)
Compiled users.css  (22ms)  (pid 15787)
Compiled application.css  (5405ms)  (pid 15787)
Compiled jquery.js  (54ms)  (pid 18338)
Compiled jquery_ujs.js  (0ms)  (pid 18338)
Compiled jquery-ui.js  (32ms)  (pid 18338)
Compiled active_admin/lib/namespace.js  (560ms)  (pid 18338)
Compiled active_admin/components/jquery.aa.checkbox-toggler.js  (483ms)  (pid 18338)
Compiled active_admin/components/jquery.aa.dropdown-menu.js  (385ms)  (pid 18338)
Compiled active_admin/components/jquery.aa.popover.js  (265ms)  (pid 18338)
Compiled active_admin/components/jquery.aa.table-checkbox-toggler.js  (330ms)  (pid 18338)
Compiled active_admin/pages/application.js  (237ms)  (pid 18338)
Compiled active_admin/pages/batch_actions.js  (227ms)  (pid 18338)
Compiled active_admin/application.js  (2701ms)  (pid 18338)
Compiled active_admin/base.js  (2845ms)  (pid 18338)
Compiled active_admin.js  (2911ms)  (pid 18338)
Compiled users.js  (0ms)  (pid 18338)
Compiled application.js  (3277ms)  (pid 18338)
Compiled active_admin.css  (3341ms)  (pid 18338)
Compiled bootstrap.css  (0ms)  (pid 18338)
Compiled reset.css  (0ms)  (pid 18338)
Compiled core.css  (29ms)  (pid 18338)
Compiled users.css  (2ms)  (pid 18338)
Compiled application.css  (3414ms)  (pid 18338)
Compiled jquery.js  (16ms)  (pid 18338)
Compiled jquery_ujs.js  (0ms)  (pid 18338)
Compiled jquery-ui.js  (57ms)  (pid 18338)
Compiled active_admin/lib/namespace.js  (219ms)  (pid 18338)
Compiled active_admin/components/jquery.aa.checkbox-toggler.js  (259ms)  (pid 18338)
Compiled active_admin/components/jquery.aa.dropdown-menu.js  (284ms)  (pid 18338)
Compiled active_admin/components/jquery.aa.popover.js  (267ms)  (pid 18338)
Compiled active_admin/components/jquery.aa.table-checkbox-toggler.js  (236ms)  (pid 18338)
Compiled active_admin/pages/application.js  (306ms)  (pid 18338)
Compiled active_admin/pages/batch_actions.js  (281ms)  (pid 18338)
Compiled active_admin/application.js  (1984ms)  (pid 18338)
Compiled active_admin/base.js  (2065ms)  (pid 18338)
Compiled active_admin.js  (2075ms)  (pid 18338)
Compiled users.js  (0ms)  (pid 18338)
Compiled application.js  (2123ms)  (pid 18338)
Compiled active_admin.css  (3410ms)  (pid 18338)
Compiled bootstrap.css  (0ms)  (pid 18338)
Compiled reset.css  (0ms)  (pid 18338)
Compiled core.css  (9ms)  (pid 18338)
Compiled users.css  (3ms)  (pid 18338)
Compiled application.css  (3570ms)  (pid 18338)
Compiled jquery.js  (2ms)  (pid 18647)
Compiled jquery_ujs.js  (0ms)  (pid 18647)
Compiled jquery-ui.js  (8ms)  (pid 18647)
Compiled active_admin/lib/namespace.js  (253ms)  (pid 18647)
Compiled active_admin/components/jquery.aa.checkbox-toggler.js  (268ms)  (pid 18647)
Compiled active_admin/components/jquery.aa.dropdown-menu.js  (264ms)  (pid 18647)
Compiled active_admin/components/jquery.aa.popover.js  (255ms)  (pid 18647)
Compiled active_admin/components/jquery.aa.table-checkbox-toggler.js  (250ms)  (pid 18647)
Compiled active_admin/pages/application.js  (226ms)  (pid 18647)
Compiled active_admin/pages/batch_actions.js  (234ms)  (pid 18647)
Compiled active_admin/application.js  (1869ms)  (pid 18647)
Compiled active_admin/base.js  (1901ms)  (pid 18647)
Compiled active_admin.js  (1911ms)  (pid 18647)
Compiled users.js  (0ms)  (pid 18647)
Compiled application.js  (2044ms)  (pid 18647)
Compiled active_admin.css  (2726ms)  (pid 18647)
Compiled bootstrap.css  (0ms)  (pid 18647)
Compiled reset.css  (0ms)  (pid 18647)
Compiled core.css  (7ms)  (pid 18647)
Compiled users.css  (2ms)  (pid 18647)
Compiled application.css  (2769ms)  (pid 18647)
Compiled jquery.js  (2ms)  (pid 18647)
Compiled jquery_ujs.js  (0ms)  (pid 18647)
Compiled jquery-ui.js  (53ms)  (pid 18647)
Compiled active_admin/lib/namespace.js  (210ms)  (pid 18647)
Compiled active_admin/components/jquery.aa.checkbox-toggler.js  (265ms)  (pid 18647)
Compiled active_admin/components/jquery.aa.dropdown-menu.js  (277ms)  (pid 18647)
Compiled active_admin/components/jquery.aa.popover.js  (254ms)  (pid 18647)
Compiled active_admin/components/jquery.aa.table-checkbox-toggler.js  (231ms)  (pid 18647)
Compiled active_admin/pages/application.js  (308ms)  (pid 18647)
Compiled active_admin/pages/batch_actions.js  (318ms)  (pid 18647)
Compiled active_admin/application.js  (1978ms)  (pid 18647)
Compiled active_admin/base.js  (2058ms)  (pid 18647)
Compiled active_admin.js  (2067ms)  (pid 18647)
Compiled users.js  (0ms)  (pid 18647)
Compiled application.js  (2102ms)  (pid 18647)
Compiled active_admin.css  (2836ms)  (pid 18647)
Compiled bootstrap.css  (0ms)  (pid 18647)
Compiled reset.css  (0ms)  (pid 18647)
Compiled core.css  (7ms)  (pid 18647)
Compiled users.css  (3ms)  (pid 18647)
Compiled application.css  (2966ms)  (pid 18647)
Compiled jquery.js  (2ms)  (pid 19077)
Compiled jquery_ujs.js  (0ms)  (pid 19077)
Compiled jquery-ui.js  (9ms)  (pid 19077)
Compiled active_admin/lib/namespace.js  (313ms)  (pid 19077)
Compiled active_admin/components/jquery.aa.checkbox-toggler.js  (305ms)  (pid 19077)
Compiled active_admin/components/jquery.aa.dropdown-menu.js  (296ms)  (pid 19077)
Compiled active_admin/components/jquery.aa.popover.js  (297ms)  (pid 19077)
Compiled active_admin/components/jquery.aa.table-checkbox-toggler.js  (252ms)  (pid 19077)
Compiled active_admin/pages/application.js  (240ms)  (pid 19077)
Compiled active_admin/pages/batch_actions.js  (243ms)  (pid 19077)
Compiled active_admin/application.js  (2057ms)  (pid 19077)
Compiled active_admin/base.js  (2140ms)  (pid 19077)
Compiled active_admin.js  (2152ms)  (pid 19077)
Compiled users.js  (0ms)  (pid 19077)
Compiled application.js  (2293ms)  (pid 19077)
Compiled active_admin.css  (2968ms)  (pid 19077)
Compiled bootstrap.css  (0ms)  (pid 19077)
Compiled reset.css  (0ms)  (pid 19077)
Compiled core.css  (6ms)  (pid 19077)
Compiled users.css  (2ms)  (pid 19077)
Compiled application.css  (3013ms)  (pid 19077)
Compiled jquery.js  (2ms)  (pid 19077)
Compiled jquery_ujs.js  (0ms)  (pid 19077)
Compiled jquery-ui.js  (55ms)  (pid 19077)
Compiled active_admin/lib/namespace.js  (238ms)  (pid 19077)
Compiled active_admin/components/jquery.aa.checkbox-toggler.js  (268ms)  (pid 19077)
Compiled active_admin/components/jquery.aa.dropdown-menu.js  (277ms)  (pid 19077)
Compiled active_admin/components/jquery.aa.popover.js  (260ms)  (pid 19077)
Compiled active_admin/components/jquery.aa.table-checkbox-toggler.js  (240ms)  (pid 19077)
Compiled active_admin/pages/application.js  (229ms)  (pid 19077)
Compiled active_admin/pages/batch_actions.js  (287ms)  (pid 19077)
Compiled active_admin/application.js  (1910ms)  (pid 19077)
Compiled active_admin/base.js  (1992ms)  (pid 19077)
Compiled active_admin.js  (2005ms)  (pid 19077)
Compiled users.js  (0ms)  (pid 19077)
Compiled application.js  (2045ms)  (pid 19077)
Compiled active_admin.css  (10275ms)  (pid 19077)
Compiled bootstrap.css  (0ms)  (pid 19077)
Compiled reset.css  (0ms)  (pid 19077)
Compiled core.css  (7ms)  (pid 19077)
Compiled users.css  (1ms)  (pid 19077)
Compiled application.css  (10438ms)  (pid 19077)
Compiled jquery.js  (2ms)  (pid 19315)
Compiled jquery_ujs.js  (0ms)  (pid 19315)
Compiled jquery-ui.js  (12ms)  (pid 19315)
Compiled active_admin/lib/namespace.js  (276ms)  (pid 19315)
Compiled active_admin/components/jquery.aa.checkbox-toggler.js  (296ms)  (pid 19315)
Compiled active_admin/components/jquery.aa.dropdown-menu.js  (281ms)  (pid 19315)
Compiled active_admin/components/jquery.aa.popover.js  (272ms)  (pid 19315)
Compiled active_admin/components/jquery.aa.table-checkbox-toggler.js  (247ms)  (pid 19315)
Compiled active_admin/pages/application.js  (237ms)  (pid 19315)
Compiled active_admin/pages/batch_actions.js  (254ms)  (pid 19315)
Compiled active_admin/application.js  (1979ms)  (pid 19315)
Compiled active_admin/base.js  (2021ms)  (pid 19315)
Compiled active_admin.js  (2033ms)  (pid 19315)
Compiled users.js  (0ms)  (pid 19315)
Compiled application.js  (2178ms)  (pid 19315)
Compiled active_admin.css  (3328ms)  (pid 19315)
Compiled bootstrap.css  (0ms)  (pid 19315)
Compiled reset.css  (0ms)  (pid 19315)
Compiled core.css  (6ms)  (pid 19315)
Compiled users.css  (2ms)  (pid 19315)
Compiled application.css  (3373ms)  (pid 19315)
Compiled jquery.js  (3ms)  (pid 19315)
Compiled jquery_ujs.js  (0ms)  (pid 19315)
Compiled jquery-ui.js  (95ms)  (pid 19315)
Compiled active_admin/lib/namespace.js  (229ms)  (pid 19315)
Compiled active_admin/components/jquery.aa.checkbox-toggler.js  (267ms)  (pid 19315)
Compiled active_admin/components/jquery.aa.dropdown-menu.js  (294ms)  (pid 19315)
Compiled active_admin/components/jquery.aa.popover.js  (271ms)  (pid 19315)
Compiled active_admin/components/jquery.aa.table-checkbox-toggler.js  (243ms)  (pid 19315)
Compiled active_admin/pages/application.js  (230ms)  (pid 19315)
Compiled active_admin/pages/batch_actions.js  (234ms)  (pid 19315)
Compiled active_admin/application.js  (1942ms)  (pid 19315)
Compiled active_admin/base.js  (2064ms)  (pid 19315)
Compiled active_admin.js  (2075ms)  (pid 19315)
Compiled users.js  (0ms)  (pid 19315)
Compiled application.js  (2117ms)  (pid 19315)
Compiled active_admin.css  (2779ms)  (pid 19315)
Compiled bootstrap.css  (0ms)  (pid 19315)
Compiled reset.css  (0ms)  (pid 19315)
Compiled core.css  (6ms)  (pid 19315)
Compiled users.css  (2ms)  (pid 19315)
Compiled application.css  (2896ms)  (pid 19315)
